<?xml version="1.0" encoding="UTF-8"?>
<testsuite name="memory.MemoryFinderTest" tests="1" skipped="0" failures="0" errors="0" timestamp="2025-01-03T15:27:32" hostname="DESKTOP-27NL1TV" time="0.115">
  <properties/>
  <testcase name="get()" classname="memory.MemoryFinderTest" time="0.115"/>
  <system-out><![CDATA[memory = Memory{used=16503360, max=536870912}
]]></system-out>
  <system-err><![CDATA[]]></system-err>
</testsuite>
