<?xml version="1.0" encoding="UTF-8"?>
<testsuite name="memory.MemoryFinderTest" tests="1" skipped="0" failures="0" errors="0" timestamp="2025-01-05T14:30:42" hostname="DESKTOP-27NL1TV" time="0.113">
  <properties/>
  <testcase name="get()" classname="memory.MemoryFinderTest" time="0.113"/>
  <system-out><![CDATA[memory = Memory{used=16598792, max=536870912}
]]></system-out>
  <system-err><![CDATA[]]></system-err>
</testsuite>
